<?xml version="1.0" encoding="UTF-8"?>
<!-- Generated by org.testng.reporters.JUnitReportReporter -->
<testsuite hostname="QT-INNO-LT1538" failures="0" tests="6" name="api.test.DDTests" time="12.781" errors="0" timestamp="2023-05-09T23:32:24 IST" skipped="0">
  <testcase classname="api.test.DDTests" name="testPostuser" time="3.815"/>
  <system-out/>
  <testcase classname="api.test.DDTests" name="testPostuser" time="1.641"/>
  <system-out/>
  <testcase classname="api.test.DDTests" name="testPostuser" time="1.791"/>
  <system-out/>
  <testcase classname="api.test.DDTests" name="testDeleteUserByName" time="1.942"/>
  <system-out/>
  <testcase classname="api.test.DDTests" name="testDeleteUserByName" time="1.956"/>
  <system-out/>
  <testcase classname="api.test.DDTests" name="testDeleteUserByName" time="1.636"/>
  <system-out/>
</testsuite> <!-- api.test.DDTests -->
