<?xml version="1.0" encoding="UTF-8"?>
<!-- Generated by org.testng.reporters.JUnitReportReporter -->
<testsuite hostname="QT-INNO-LT1538" failures="0" tests="4" name="api.test.UserTests" time="13.489" errors="0" timestamp="2023-05-09T23:04:49 IST" skipped="0">
  <testcase classname="api.test.UserTests" name="testPostUser" time="4.399"/>
  <system-out/>
  <testcase classname="api.test.UserTests" name="testGetUserByName" time="1.908"/>
  <system-out/>
  <testcase classname="api.test.UserTests" name="testUpdateUserByName" time="4.862"/>
  <system-out/>
  <testcase classname="api.test.UserTests" name="testDeleteUserByName" time="2.320"/>
  <system-out/>
</testsuite> <!-- api.test.UserTests -->
